1:event-register-plugin-mapping:before-run:NodeEnvironmentPlugin
2:event-register-plugin-mapping:this-compilation:JsonpTemplatePlugin
3:event-register-plugin-mapping:compilation:FunctionModulePlugin
4:event-register-plugin-mapping:compilation:NodeSourcePlugin
5:event-register-plugin-mapping:after-resolvers:NodeSourcePlugin
6:event-register-plugin-mapping:compilation:LoaderTargetPlugin
7:event-register-plugin-mapping:compilation:EvalSourceMapDevToolPlugin
8:event-register-plugin-mapping:entry-option:EntryOptionPlugin
9:event-register-plugin-mapping:compilation:SingleEntryPlugin
10:event-register-plugin-mapping:make:SingleEntryPlugin
11:event-register-plugin-mapping:compilation:CompatibilityPlugin
12:event-register-plugin-mapping:compilation:HarmonyModulesPlugin
13:event-register-plugin-mapping:compilation:AMDPlugin
14:event-register-plugin-mapping:after-resolvers:AMDPlugin
15:event-register-plugin-mapping:compilation:CommonJsPlugin
16:event-register-plugin-mapping:compilation:LoaderPlugin
17:event-register-plugin-mapping:compilation:LoaderPlugin
18:event-register-plugin-mapping:compilation:NodeStuffPlugin
19:event-register-plugin-mapping:compilation:RequireJsStuffPlugin
20:event-register-plugin-mapping:compilation:APIPlugin
21:event-register-plugin-mapping:compilation:ConstPlugin
22:event-register-plugin-mapping:compilation:UseStrictPlugin
23:event-register-plugin-mapping:compilation:RequireIncludePlugin
24:event-register-plugin-mapping:compilation:RequireEnsurePlugin
25:event-register-plugin-mapping:compilation:RequireContextPlugin
26:event-register-plugin-mapping:compilation:ImportPlugin
27:event-register-plugin-mapping:compilation:SystemPlugin
28:event-register-plugin-mapping:compilation:EnsureChunkConditionsPlugin
29:event-register-plugin-mapping:compilation:RemoveParentModulesPlugin
30:event-register-plugin-mapping:compilation:RemoveEmptyChunksPlugin
31:event-register-plugin-mapping:compilation:MergeDuplicateChunksPlugin
32:event-register-plugin-mapping:compilation:FlagIncludedChunksPlugin
33:event-register-plugin-mapping:compilation:OccurrenceOrderPlugin
34:event-register-plugin-mapping:compilation:FlagDependencyExportsPlugin
35:event-register-plugin-mapping:compilation:FlagDependencyUsagePlugin
36:event-register-plugin-mapping:after-emit:SizeLimitsPlugin
37:event-register-plugin-mapping:compilation:TemplatedPathPlugin
38:event-register-plugin-mapping:compilation:RecordIdsPlugin
39:event-register-plugin-mapping:compilation:WarnCaseSensitiveModulesPlugin
40:event-register-plugin-mapping:this-compilation:CachePlugin
41:event-register-plugin-mapping:watch-run:CachePlugin
42:event-register-plugin-mapping:run:CachePlugin
43:event-register-plugin-mapping:after-compile:CachePlugin


1:event-plugin-mapping:EntryOptionPlugin:entry-option
2:event-plugin-mapping:NodeSourcePlugin:after-resolvers
3:event-plugin-mapping:AMDPlugin:after-resolvers
4:event-plugin-mapping:NodeEnvironmentPlugin:before-run
5:event-plugin-mapping:CachePlugin:run
6:event-plugin-mapping:JsonpTemplatePlugin:this-compilation
7:event-plugin-mapping:CachePlugin:this-compilation
8:event-plugin-mapping:FunctionModulePlugin:compilation
9:event-plugin-mapping:NodeSourcePlugin:compilation
10:event-plugin-mapping:LoaderTargetPlugin:compilation
11:event-plugin-mapping:EvalSourceMapDevToolPlugin:compilation
12:event-plugin-mapping:SingleEntryPlugin:compilation
13:event-plugin-mapping:CompatibilityPlugin:compilation
14:event-plugin-mapping:HarmonyModulesPlugin:compilation
15:event-plugin-mapping:AMDPlugin:compilation
16:event-plugin-mapping:CommonJsPlugin:compilation
17:event-plugin-mapping:LoaderPlugin:compilation
18:event-plugin-mapping:LoaderPlugin:compilation
19:event-plugin-mapping:NodeStuffPlugin:compilation
20:event-plugin-mapping:RequireJsStuffPlugin:compilation
21:event-plugin-mapping:APIPlugin:compilation
22:event-plugin-mapping:ConstPlugin:compilation
23:event-plugin-mapping:UseStrictPlugin:compilation
24:event-plugin-mapping:RequireIncludePlugin:compilation
25:event-plugin-mapping:RequireEnsurePlugin:compilation
26:event-plugin-mapping:RequireContextPlugin:compilation
27:event-plugin-mapping:ImportPlugin:compilation
28:event-plugin-mapping:SystemPlugin:compilation
29:event-plugin-mapping:EnsureChunkConditionsPlugin:compilation
30:event-plugin-mapping:RemoveParentModulesPlugin:compilation
31:event-plugin-mapping:RemoveEmptyChunksPlugin:compilation
32:event-plugin-mapping:MergeDuplicateChunksPlugin:compilation
33:event-plugin-mapping:FlagIncludedChunksPlugin:compilation
34:event-plugin-mapping:OccurrenceOrderPlugin:compilation
35:event-plugin-mapping:FlagDependencyExportsPlugin:compilation
36:event-plugin-mapping:FlagDependencyUsagePlugin:compilation
37:event-plugin-mapping:TemplatedPathPlugin:compilation
38:event-plugin-mapping:RecordIdsPlugin:compilation
39:event-plugin-mapping:WarnCaseSensitiveModulesPlugin:compilation
40:event-plugin-mapping:SingleEntryPlugin:make
41:event-plugin-mapping:CachePlugin:after-compile
42:event-plugin-mapping:SizeLimitsPlugin:after-emit
